<?xml version="1.0" encoding="UTF-8"?>
<testsuite xmlns:xsi="http://www.w3.org/2001/XMLSchema-instance" xsi:noNamespaceSchemaLocation="https://maven.apache.org/surefire/maven-surefire-plugin/xsd/surefire-test-report-3.0.xsd" version="3.0" name="javamaven.javamaven.JavaMavenApplicationTests" time="4.865" tests="1" errors="0" skipped="0" failures="0">
  <properties>
    <property name="java.specification.version" value="20"/>
    <property name="sun.cpu.isalist" value="amd64"/>
    <property name="sun.jnu.encoding" value="Cp1252"/>
    <property name="java.class.path" value="C:\Users\Z004MT2K\Desktop\Devopse\demo\java-maven\target\test-classes;C:\Users\Z004MT2K\Desktop\Devopse\demo\java-maven\target\classes;D:\SimarisCurves\maven\org\springframework\boot\spring-boot-starter-web\3.1.5\spring-boot-starter-web-3.1.5.jar;D:\SimarisCurves\maven\org\springframework\boot\spring-boot-starter\3.1.5\spring-boot-starter-3.1.5.jar;D:\SimarisCurves\maven\org\springframework\boot\spring-boot\3.1.5\spring-boot-3.1.5.jar;D:\SimarisCurves\maven\org\springframework\boot\spring-boot-autoconfigure\3.1.5\spring-boot-autoconfigure-3.1.5.jar;D:\SimarisCurves\maven\org\springframework\boot\spring-boot-starter-logging\3.1.5\spring-boot-starter-logging-3.1.5.jar;D:\SimarisCurves\maven\ch\qos\logback\logback-classic\1.4.11\logback-classic-1.4.11.jar;D:\SimarisCurves\maven\ch\qos\logback\logback-core\1.4.11\logback-core-1.4.11.jar;D:\SimarisCurves\maven\org\apache\logging\log4j\log4j-to-slf4j\2.20.0\log4j-to-slf4j-2.20.0.jar;D:\SimarisCurves\maven\org\apache\logging\log4j\log4j-api\2.20.0\log4j-api-2.20.0.jar;D:\SimarisCurves\maven\org\slf4j\jul-to-slf4j\2.0.9\jul-to-slf4j-2.0.9.jar;D:\SimarisCurves\maven\jakarta\annotation\jakarta.annotation-api\2.1.1\jakarta.annotation-api-2.1.1.jar;D:\SimarisCurves\maven\org\yaml\snakeyaml\1.33\snakeyaml-1.33.jar;D:\SimarisCurves\maven\org\springframework\boot\spring-boot-starter-json\3.1.5\spring-boot-starter-json-3.1.5.jar;D:\SimarisCurves\maven\com\fasterxml\jackson\core\jackson-databind\2.15.3\jackson-databind-2.15.3.jar;D:\SimarisCurves\maven\com\fasterxml\jackson\core\jackson-annotations\2.15.3\jackson-annotations-2.15.3.jar;D:\SimarisCurves\maven\com\fasterxml\jackson\core\jackson-core\2.15.3\jackson-core-2.15.3.jar;D:\SimarisCurves\maven\com\fasterxml\jackson\datatype\jackson-datatype-jdk8\2.15.3\jackson-datatype-jdk8-2.15.3.jar;D:\SimarisCurves\maven\com\fasterxml\jackson\datatype\jackson-datatype-jsr310\2.15.3\jackson-datatype-jsr310-2.15.3.jar;D:\SimarisCurves\maven\com\fasterxml\jackson\module\jackson-module-parameter-names\2.15.3\jackson-module-parameter-names-2.15.3.jar;D:\SimarisCurves\maven\org\springframework\boot\spring-boot-starter-tomcat\3.1.5\spring-boot-starter-tomcat-3.1.5.jar;D:\SimarisCurves\maven\org\apache\tomcat\embed\tomcat-embed-core\10.1.15\tomcat-embed-core-10.1.15.jar;D:\SimarisCurves\maven\org\apache\tomcat\embed\tomcat-embed-el\10.1.15\tomcat-embed-el-10.1.15.jar;D:\SimarisCurves\maven\org\apache\tomcat\embed\tomcat-embed-websocket\10.1.15\tomcat-embed-websocket-10.1.15.jar;D:\SimarisCurves\maven\org\springframework\spring-web\6.0.13\spring-web-6.0.13.jar;D:\SimarisCurves\maven\org\springframework\spring-beans\6.0.13\spring-beans-6.0.13.jar;D:\SimarisCurves\maven\io\micrometer\micrometer-observation\1.11.5\micrometer-observation-1.11.5.jar;D:\SimarisCurves\maven\io\micrometer\micrometer-commons\1.11.5\micrometer-commons-1.11.5.jar;D:\SimarisCurves\maven\org\springframework\spring-webmvc\6.0.13\spring-webmvc-6.0.13.jar;D:\SimarisCurves\maven\org\springframework\spring-aop\6.0.13\spring-aop-6.0.13.jar;D:\SimarisCurves\maven\org\springframework\spring-context\6.0.13\spring-context-6.0.13.jar;D:\SimarisCurves\maven\org\springframework\spring-expression\6.0.13\spring-expression-6.0.13.jar;D:\SimarisCurves\maven\org\springframework\boot\spring-boot-starter-test\3.1.5\spring-boot-starter-test-3.1.5.jar;D:\SimarisCurves\maven\org\springframework\boot\spring-boot-test\3.1.5\spring-boot-test-3.1.5.jar;D:\SimarisCurves\maven\org\springframework\boot\spring-boot-test-autoconfigure\3.1.5\spring-boot-test-autoconfigure-3.1.5.jar;D:\SimarisCurves\maven\com\jayway\jsonpath\json-path\2.8.0\json-path-2.8.0.jar;D:\SimarisCurves\maven\org\slf4j\slf4j-api\2.0.9\slf4j-api-2.0.9.jar;D:\SimarisCurves\maven\jakarta\xml\bind\jakarta.xml.bind-api\4.0.1\jakarta.xml.bind-api-4.0.1.jar;D:\SimarisCurves\maven\jakarta\activation\jakarta.activation-api\2.1.2\jakarta.activation-api-2.1.2.jar;D:\SimarisCurves\maven\net\minidev\json-smart\2.4.11\json-smart-2.4.11.jar;D:\SimarisCurves\maven\net\minidev\accessors-smart\2.4.11\accessors-smart-2.4.11.jar;D:\SimarisCurves\maven\org\ow2\asm\asm\9.3\asm-9.3.jar;D:\SimarisCurves\maven\org\assertj\assertj-core\3.24.2\assertj-core-3.24.2.jar;D:\SimarisCurves\maven\net\bytebuddy\byte-buddy\1.14.9\byte-buddy-1.14.9.jar;D:\SimarisCurves\maven\org\hamcrest\hamcrest\2.2\hamcrest-2.2.jar;D:\SimarisCurves\maven\org\junit\jupiter\junit-jupiter\5.9.3\junit-jupiter-5.9.3.jar;D:\SimarisCurves\maven\org\junit\jupiter\junit-jupiter-api\5.9.3\junit-jupiter-api-5.9.3.jar;D:\SimarisCurves\maven\org\opentest4j\opentest4j\1.2.0\opentest4j-1.2.0.jar;D:\SimarisCurves\maven\org\junit\platform\junit-platform-commons\1.9.3\junit-platform-commons-1.9.3.jar;D:\SimarisCurves\maven\org\apiguardian\apiguardian-api\1.1.2\apiguardian-api-1.1.2.jar;D:\SimarisCurves\maven\org\junit\jupiter\junit-jupiter-params\5.9.3\junit-jupiter-params-5.9.3.jar;D:\SimarisCurves\maven\org\junit\jupiter\junit-jupiter-engine\5.9.3\junit-jupiter-engine-5.9.3.jar;D:\SimarisCurves\maven\org\junit\platform\junit-platform-engine\1.9.3\junit-platform-engine-1.9.3.jar;D:\SimarisCurves\maven\org\mockito\mockito-core\5.3.1\mockito-core-5.3.1.jar;D:\SimarisCurves\maven\net\bytebuddy\byte-buddy-agent\1.14.9\byte-buddy-agent-1.14.9.jar;D:\SimarisCurves\maven\org\objenesis\objenesis\3.3\objenesis-3.3.jar;D:\SimarisCurves\maven\org\mockito\mockito-junit-jupiter\5.3.1\mockito-junit-jupiter-5.3.1.jar;D:\SimarisCurves\maven\org\skyscreamer\jsonassert\1.5.1\jsonassert-1.5.1.jar;D:\SimarisCurves\maven\com\vaadin\external\google\android-json\0.0.20131108.vaadin1\android-json-0.0.20131108.vaadin1.jar;D:\SimarisCurves\maven\org\springframework\spring-core\6.0.13\spring-core-6.0.13.jar;D:\SimarisCurves\maven\org\springframework\spring-jcl\6.0.13\spring-jcl-6.0.13.jar;D:\SimarisCurves\maven\org\springframework\spring-test\6.0.13\spring-test-6.0.13.jar;D:\SimarisCurves\maven\org\xmlunit\xmlunit-core\2.9.1\xmlunit-core-2.9.1.jar;"/>
    <property name="java.vm.vendor" value="Eclipse Adoptium"/>
    <property name="sun.arch.data.model" value="64"/>
    <property name="user.variant" value=""/>
    <property name="java.vendor.url" value="https://adoptium.net/"/>
    <property name="user.timezone" value="Asia/Calcutta"/>
    <property name="os.name" value="Windows 10"/>
    <property name="java.vm.specification.version" value="20"/>
    <property name="sun.java.launcher" value="SUN_STANDARD"/>
    <property name="user.country" value="US"/>
    <property name="sun.boot.library.path" value="D:\Softwares\eclipse-jee-2022-09-R-win32-x86_64\eclipse\plugins\org.eclipse.justj.openjdk.hotspot.jre.full.win32.x86_64_20.0.2.v20230801-2057\jre\bin"/>
    <property name="sun.java.command" value="C:\Users\Z004MT2K\AppData\Local\Temp\surefire1098784425286551059\surefirebooter-20231029133352549_3.jar C:\Users\Z004MT2K\AppData\Local\Temp\surefire1098784425286551059 2023-10-29T13-33-52_324-jvmRun1 surefire-20231029133352549_1tmp surefire_0-20231029133352549_2tmp"/>
    <property name="jdk.debug" value="release"/>
    <property name="surefire.test.class.path" value="C:\Users\Z004MT2K\Desktop\Devopse\demo\java-maven\target\test-classes;C:\Users\Z004MT2K\Desktop\Devopse\demo\java-maven\target\classes;D:\SimarisCurves\maven\org\springframework\boot\spring-boot-starter-web\3.1.5\spring-boot-starter-web-3.1.5.jar;D:\SimarisCurves\maven\org\springframework\boot\spring-boot-starter\3.1.5\spring-boot-starter-3.1.5.jar;D:\SimarisCurves\maven\org\springframework\boot\spring-boot\3.1.5\spring-boot-3.1.5.jar;D:\SimarisCurves\maven\org\springframework\boot\spring-boot-autoconfigure\3.1.5\spring-boot-autoconfigure-3.1.5.jar;D:\SimarisCurves\maven\org\springframework\boot\spring-boot-starter-logging\3.1.5\spring-boot-starter-logging-3.1.5.jar;D:\SimarisCurves\maven\ch\qos\logback\logback-classic\1.4.11\logback-classic-1.4.11.jar;D:\SimarisCurves\maven\ch\qos\logback\logback-core\1.4.11\logback-core-1.4.11.jar;D:\SimarisCurves\maven\org\apache\logging\log4j\log4j-to-slf4j\2.20.0\log4j-to-slf4j-2.20.0.jar;D:\SimarisCurves\maven\org\apache\logging\log4j\log4j-api\2.20.0\log4j-api-2.20.0.jar;D:\SimarisCurves\maven\org\slf4j\jul-to-slf4j\2.0.9\jul-to-slf4j-2.0.9.jar;D:\SimarisCurves\maven\jakarta\annotation\jakarta.annotation-api\2.1.1\jakarta.annotation-api-2.1.1.jar;D:\SimarisCurves\maven\org\yaml\snakeyaml\1.33\snakeyaml-1.33.jar;D:\SimarisCurves\maven\org\springframework\boot\spring-boot-starter-json\3.1.5\spring-boot-starter-json-3.1.5.jar;D:\SimarisCurves\maven\com\fasterxml\jackson\core\jackson-databind\2.15.3\jackson-databind-2.15.3.jar;D:\SimarisCurves\maven\com\fasterxml\jackson\core\jackson-annotations\2.15.3\jackson-annotations-2.15.3.jar;D:\SimarisCurves\maven\com\fasterxml\jackson\core\jackson-core\2.15.3\jackson-core-2.15.3.jar;D:\SimarisCurves\maven\com\fasterxml\jackson\datatype\jackson-datatype-jdk8\2.15.3\jackson-datatype-jdk8-2.15.3.jar;D:\SimarisCurves\maven\com\fasterxml\jackson\datatype\jackson-datatype-jsr310\2.15.3\jackson-datatype-jsr310-2.15.3.jar;D:\SimarisCurves\maven\com\fasterxml\jackson\module\jackson-module-parameter-names\2.15.3\jackson-module-parameter-names-2.15.3.jar;D:\SimarisCurves\maven\org\springframework\boot\spring-boot-starter-tomcat\3.1.5\spring-boot-starter-tomcat-3.1.5.jar;D:\SimarisCurves\maven\org\apache\tomcat\embed\tomcat-embed-core\10.1.15\tomcat-embed-core-10.1.15.jar;D:\SimarisCurves\maven\org\apache\tomcat\embed\tomcat-embed-el\10.1.15\tomcat-embed-el-10.1.15.jar;D:\SimarisCurves\maven\org\apache\tomcat\embed\tomcat-embed-websocket\10.1.15\tomcat-embed-websocket-10.1.15.jar;D:\SimarisCurves\maven\org\springframework\spring-web\6.0.13\spring-web-6.0.13.jar;D:\SimarisCurves\maven\org\springframework\spring-beans\6.0.13\spring-beans-6.0.13.jar;D:\SimarisCurves\maven\io\micrometer\micrometer-observation\1.11.5\micrometer-observation-1.11.5.jar;D:\SimarisCurves\maven\io\micrometer\micrometer-commons\1.11.5\micrometer-commons-1.11.5.jar;D:\SimarisCurves\maven\org\springframework\spring-webmvc\6.0.13\spring-webmvc-6.0.13.jar;D:\SimarisCurves\maven\org\springframework\spring-aop\6.0.13\spring-aop-6.0.13.jar;D:\SimarisCurves\maven\org\springframework\spring-context\6.0.13\spring-context-6.0.13.jar;D:\SimarisCurves\maven\org\springframework\spring-expression\6.0.13\spring-expression-6.0.13.jar;D:\SimarisCurves\maven\org\springframework\boot\spring-boot-starter-test\3.1.5\spring-boot-starter-test-3.1.5.jar;D:\SimarisCurves\maven\org\springframework\boot\spring-boot-test\3.1.5\spring-boot-test-3.1.5.jar;D:\SimarisCurves\maven\org\springframework\boot\spring-boot-test-autoconfigure\3.1.5\spring-boot-test-autoconfigure-3.1.5.jar;D:\SimarisCurves\maven\com\jayway\jsonpath\json-path\2.8.0\json-path-2.8.0.jar;D:\SimarisCurves\maven\org\slf4j\slf4j-api\2.0.9\slf4j-api-2.0.9.jar;D:\SimarisCurves\maven\jakarta\xml\bind\jakarta.xml.bind-api\4.0.1\jakarta.xml.bind-api-4.0.1.jar;D:\SimarisCurves\maven\jakarta\activation\jakarta.activation-api\2.1.2\jakarta.activation-api-2.1.2.jar;D:\SimarisCurves\maven\net\minidev\json-smart\2.4.11\json-smart-2.4.11.jar;D:\SimarisCurves\maven\net\minidev\accessors-smart\2.4.11\accessors-smart-2.4.11.jar;D:\SimarisCurves\maven\org\ow2\asm\asm\9.3\asm-9.3.jar;D:\SimarisCurves\maven\org\assertj\assertj-core\3.24.2\assertj-core-3.24.2.jar;D:\SimarisCurves\maven\net\bytebuddy\byte-buddy\1.14.9\byte-buddy-1.14.9.jar;D:\SimarisCurves\maven\org\hamcrest\hamcrest\2.2\hamcrest-2.2.jar;D:\SimarisCurves\maven\org\junit\jupiter\junit-jupiter\5.9.3\junit-jupiter-5.9.3.jar;D:\SimarisCurves\maven\org\junit\jupiter\junit-jupiter-api\5.9.3\junit-jupiter-api-5.9.3.jar;D:\SimarisCurves\maven\org\opentest4j\opentest4j\1.2.0\opentest4j-1.2.0.jar;D:\SimarisCurves\maven\org\junit\platform\junit-platform-commons\1.9.3\junit-platform-commons-1.9.3.jar;D:\SimarisCurves\maven\org\apiguardian\apiguardian-api\1.1.2\apiguardian-api-1.1.2.jar;D:\SimarisCurves\maven\org\junit\jupiter\junit-jupiter-params\5.9.3\junit-jupiter-params-5.9.3.jar;D:\SimarisCurves\maven\org\junit\jupiter\junit-jupiter-engine\5.9.3\junit-jupiter-engine-5.9.3.jar;D:\SimarisCurves\maven\org\junit\platform\junit-platform-engine\1.9.3\junit-platform-engine-1.9.3.jar;D:\SimarisCurves\maven\org\mockito\mockito-core\5.3.1\mockito-core-5.3.1.jar;D:\SimarisCurves\maven\net\bytebuddy\byte-buddy-agent\1.14.9\byte-buddy-agent-1.14.9.jar;D:\SimarisCurves\maven\org\objenesis\objenesis\3.3\objenesis-3.3.jar;D:\SimarisCurves\maven\org\mockito\mockito-junit-jupiter\5.3.1\mockito-junit-jupiter-5.3.1.jar;D:\SimarisCurves\maven\org\skyscreamer\jsonassert\1.5.1\jsonassert-1.5.1.jar;D:\SimarisCurves\maven\com\vaadin\external\google\android-json\0.0.20131108.vaadin1\android-json-0.0.20131108.vaadin1.jar;D:\SimarisCurves\maven\org\springframework\spring-core\6.0.13\spring-core-6.0.13.jar;D:\SimarisCurves\maven\org\springframework\spring-jcl\6.0.13\spring-jcl-6.0.13.jar;D:\SimarisCurves\maven\org\springframework\spring-test\6.0.13\spring-test-6.0.13.jar;D:\SimarisCurves\maven\org\xmlunit\xmlunit-core\2.9.1\xmlunit-core-2.9.1.jar;"/>
    <property name="sun.cpu.endian" value="little"/>
    <property name="user.home" value="C:\Users\Z004MT2K"/>
    <property name="user.language" value="en"/>
    <property name="java.specification.vendor" value="Oracle Corporation"/>
    <property name="java.version.date" value="2023-07-18"/>
    <property name="java.home" value="D:\Softwares\eclipse-jee-2022-09-R-win32-x86_64\eclipse\plugins\org.eclipse.justj.openjdk.hotspot.jre.full.win32.x86_64_20.0.2.v20230801-2057\jre"/>
    <property name="file.separator" value="\"/>
    <property name="basedir" value="C:\Users\Z004MT2K\Desktop\Devopse\demo\java-maven"/>
    <property name="style.color" value="always"/>
    <property name="java.vm.compressedOopsMode" value="Zero based"/>
    <property name="line.separator" value="&#10;"/>
    <property name="java.vm.specification.vendor" value="Oracle Corporation"/>
    <property name="java.specification.name" value="Java Platform API Specification"/>
    <property name="FILE_LOG_CHARSET" value="UTF-8"/>
    <property name="java.awt.headless" value="true"/>
    <property name="surefire.real.class.path" value="C:\Users\Z004MT2K\AppData\Local\Temp\surefire1098784425286551059\surefirebooter-20231029133352549_3.jar"/>
    <property name="user.script" value=""/>
    <property name="sun.management.compiler" value="HotSpot 64-Bit Tiered Compilers"/>
    <property name="java.runtime.version" value="20.0.2+9"/>
    <property name="user.name" value="z004mt2k"/>
    <property name="stdout.encoding" value="Cp1252"/>
    <property name="path.separator" value=";"/>
    <property name="os.version" value="10.0"/>
    <property name="java.runtime.name" value="OpenJDK Runtime Environment"/>
    <property name="file.encoding" value="UTF-8"/>
    <property name="java.vm.name" value="OpenJDK 64-Bit Server VM"/>
    <property name="java.vendor.version" value="Temurin-20.0.2+9"/>
    <property name="localRepository" value="D:\SimarisCurves\maven"/>
    <property name="java.vendor.url.bug" value="https://github.com/adoptium/adoptium-support/issues"/>
    <property name="java.io.tmpdir" value="C:\Users\Z004MT2K\AppData\Local\Temp\"/>
    <property name="java.version" value="20.0.2"/>
    <property name="user.dir" value="C:\Users\Z004MT2K\Desktop\Devopse\demo\java-maven"/>
    <property name="os.arch" value="amd64"/>
    <property name="java.vm.specification.name" value="Java Virtual Machine Specification"/>
    <property name="PID" value="2744"/>
    <property name="sun.os.patch.level" value=""/>
    <property name="CONSOLE_LOG_CHARSET" value="UTF-8"/>
    <property name="native.encoding" value="Cp1252"/>
    <property name="java.library.path" value="D:\Softwares\eclipse-jee-2022-09-R-win32-x86_64\eclipse\plugins\org.eclipse.justj.openjdk.hotspot.jre.full.win32.x86_64_20.0.2.v20230801-2057\jre\bin;C:\WINDOWS\Sun\Java\bin;C:\WINDOWS\system32;C:\WINDOWS;D:/Softwares/eclipse-jee-2022-09-R-win32-x86_64/eclipse//plugins/org.eclipse.justj.openjdk.hotspot.jre.full.win32.x86_64_20.0.2.v20230801-2057/jre/bin/server;D:/Softwares/eclipse-jee-2022-09-R-win32-x86_64/eclipse//plugins/org.eclipse.justj.openjdk.hotspot.jre.full.win32.x86_64_20.0.2.v20230801-2057/jre/bin;D:\Softwares\zulu17.46.19-ca-jdk17.0.9-win_x64\bin;D:\SIMARIS_CURVE\zulu-11\bin;C:\Program Files (x86)\Zulu\zulu-8-jre\bin\;C:\Program Files\Zulu\zulu-8-jre\bin\;C:\Program Files (x86)\Common Files\Intel\Shared Libraries\redist\ia32\mpirt;C:\Program Files (x86)\Common Files\Intel\Shared Libraries\redist\ia32\compiler;C:\Program Files (x86)\Common Files\Intel\Shared Files\fortran\bin\ia32;C:\WINDOWS\system32;C:\WINDOWS;C:\WINDOWS\System32\Wbem;C:\WINDOWS\System32\WindowsPowerShell\v1.0\;C:\WINDOWS\System32\OpenSSH\;C:\Program Files\PuTTY\;C:\Program Files\Amazon\SessionManagerPlugin\bin\;C:\Program Files\Amazon\AWSCLIV2\;C:\Program Files\dotnet\;C:\Program Files\WindowsPowerShell\Scripts\HP.ClientScriptLibrary;C:\Program Files (x86)\WinSCP;C:\Program Files\IcedTeaWeb\WebStart\bin;C:\Program Files\Git\cmd;D:\SIMARIS_CURVE\zulu-11\bin;C:\Program Files (x86)\Common Files\Intel\Shared Libraries\redist\ia32\mpirt;C:\Program Files (x86)\Common Files\Intel\Shared Libraries\redist\ia32\compiler;C:\Program Files (x86)\Common Files\Intel\Shared Files\fortran\bin\ia32;C:\WINDOWS\system32;C:\WINDOWS;C:\WINDOWS\System32\Wbem;C:\WINDOWS\System32\WindowsPowerShell\v1.0\;C:\WINDOWS\System32\OpenSSH\;C:\Program Files\PuTTY\;C:\Program Files\Amazon\SessionManagerPlugin\bin\;C:\Program Files\Amazon\AWSCLIV2\;C:\Program Files\dotnet\;C:\Program Files\Git\cmd;C:\Program Files\WindowsPowerShell\Scripts\HP.ClientScriptLibrary;C:\Program Files (x86)\WinSCP;C:\Program Files\IcedTeaWeb\WebStart\bin;C:\Users\Z004MT2K\Downloads\apache-maven-3.8.6-bin\apache-maven-3.8.6\bin;D:\Softwares\VSCode-win32-x64-1.73.1;D:\Softwares\node-v16.16.0-win-x64\node-v16.16.0-win-x64;;D:\Softwares\eclipse-jee-2022-09-R-win32-x86_64\eclipse;;."/>
    <property name="java.vm.info" value="mixed mode"/>
    <property name="stderr.encoding" value="Cp1252"/>
    <property name="java.vendor" value="Eclipse Adoptium"/>
    <property name="java.vm.version" value="20.0.2+9"/>
    <property name="sun.io.unicode.encoding" value="UnicodeLittle"/>
    <property name="java.class.version" value="64.0"/>
  </properties>
  <testcase name="contextLoads" classname="javamaven.javamaven.JavaMavenApplicationTests" time="1.582">
    <system-out><![CDATA[13:33:54.437 [main] INFO org.springframework.test.context.support.AnnotationConfigContextLoaderUtils -- Could not detect default configuration classes for test class [javamaven.javamaven.JavaMavenApplicationTests]: JavaMavenApplicationTests does not declare any static, non-private, non-final, nested classes annotated with @Configuration.
13:33:54.697 [main] INFO org.springframework.boot.test.context.SpringBootTestContextBootstrapper -- Found @SpringBootConfiguration javamaven.javamaven.JavaMavenApplication for test class javamaven.javamaven.JavaMavenApplicationTests

  .   ____          _            __ _ _
 /\\ / ___'_ __ _ _(_)_ __  __ _ \ \ \ \
( ( )\___ | '_ | '_| | '_ \/ _` | \ \ \ \
 \\/  ___)| |_)| | | | | || (_| |  ) ) ) )
  '  |____| .__|_| |_|_| |_\__, | / / / /
 =========|_|==============|___/=/_/_/_/
 :: Spring Boot ::                (v3.1.5)

2023-10-29T13:33:55.362+05:30  INFO 2744 --- [           main] j.javamaven.JavaMavenApplicationTests    : Starting JavaMavenApplicationTests using Java 20.0.2 with PID 2744 (started by z004mt2k in C:\Users\Z004MT2K\Desktop\Devopse\demo\java-maven)
2023-10-29T13:33:55.365+05:30  INFO 2744 --- [           main] j.javamaven.JavaMavenApplicationTests    : No active profile set, falling back to 1 default profile: "default"
2023-10-29T13:33:57.295+05:30  INFO 2744 --- [           main] j.javamaven.JavaMavenApplicationTests    : Started JavaMavenApplicationTests in 2.358 seconds (process running for 4.436)
]]></system-out>
  </testcase>
</testsuite>